mode: atomic
github.com/asymmetric-effort/leakdetector/internal/cli/cli.go:30.57,50.20 17 21
github.com/asymmetric-effort/leakdetector/internal/cli/cli.go:50.20,61.3 10 5
github.com/asymmetric-effort/leakdetector/internal/cli/cli.go:63.2,63.39 1 21
github.com/asymmetric-effort/leakdetector/internal/cli/cli.go:63.39,64.26 1 5
github.com/asymmetric-effort/leakdetector/internal/cli/cli.go:64.26,67.4 2 2
github.com/asymmetric-effort/leakdetector/internal/cli/cli.go:68.3,68.19 1 3
github.com/asymmetric-effort/leakdetector/internal/cli/cli.go:71.2,71.18 1 16
github.com/asymmetric-effort/leakdetector/internal/cli/cli.go:76.55,78.16 2 5
github.com/asymmetric-effort/leakdetector/internal/cli/cli.go:78.16,81.3 2 2
github.com/asymmetric-effort/leakdetector/internal/cli/cli.go:83.2,83.22 1 3
github.com/asymmetric-effort/leakdetector/internal/cli/cli.go:83.22,86.3 2 1
github.com/asymmetric-effort/leakdetector/internal/cli/cli.go:88.2,88.19 1 2
github.com/asymmetric-effort/leakdetector/internal/cli/cli.go:88.19,90.3 1 1
github.com/asymmetric-effort/leakdetector/internal/cli/cli.go:93.2,94.16 2 1
github.com/asymmetric-effort/leakdetector/internal/cli/cli.go:94.16,97.3 2 0
github.com/asymmetric-effort/leakdetector/internal/cli/cli.go:99.2,99.43 1 1
github.com/asymmetric-effort/leakdetector/internal/cli/execute.go:16.70,19.19 2 14
github.com/asymmetric-effort/leakdetector/internal/cli/execute.go:19.19,21.3 1 12
github.com/asymmetric-effort/leakdetector/internal/cli/execute.go:23.2,24.39 2 14
github.com/asymmetric-effort/leakdetector/internal/cli/execute.go:24.39,27.3 2 1
github.com/asymmetric-effort/leakdetector/internal/cli/execute.go:28.2,28.16 1 13
github.com/asymmetric-effort/leakdetector/internal/cli/execute.go:28.16,30.3 1 11
github.com/asymmetric-effort/leakdetector/internal/cli/execute.go:33.2,34.16 2 13
github.com/asymmetric-effort/leakdetector/internal/cli/execute.go:34.16,37.3 2 0
github.com/asymmetric-effort/leakdetector/internal/cli/execute.go:40.2,41.29 2 13
github.com/asymmetric-effort/leakdetector/internal/cli/execute.go:41.29,43.17 2 2
github.com/asymmetric-effort/leakdetector/internal/cli/execute.go:43.17,46.4 2 1
github.com/asymmetric-effort/leakdetector/internal/cli/execute.go:50.2,64.16 3 12
github.com/asymmetric-effort/leakdetector/internal/cli/execute.go:64.16,67.3 2 0
github.com/asymmetric-effort/leakdetector/internal/cli/execute.go:70.2,70.23 1 12
github.com/asymmetric-effort/leakdetector/internal/cli/execute.go:70.23,72.3 1 1
github.com/asymmetric-effort/leakdetector/internal/cli/execute.go:75.2,77.27 3 12
github.com/asymmetric-effort/leakdetector/internal/cli/execute.go:77.27,79.17 2 2
github.com/asymmetric-effort/leakdetector/internal/cli/execute.go:79.17,82.4 2 1
github.com/asymmetric-effort/leakdetector/internal/cli/execute.go:83.3,84.11 2 1
github.com/asymmetric-effort/leakdetector/internal/cli/execute.go:87.2,87.53 1 11
github.com/asymmetric-effort/leakdetector/internal/cli/execute.go:87.53,90.3 2 0
github.com/asymmetric-effort/leakdetector/internal/cli/execute.go:92.2,92.18 1 11
github.com/asymmetric-effort/leakdetector/internal/cli/execute.go:92.18,94.3 1 1
github.com/asymmetric-effort/leakdetector/internal/cli/execute.go:96.2,96.23 1 11
github.com/asymmetric-effort/leakdetector/internal/cli/execute.go:96.23,98.3 1 4
github.com/asymmetric-effort/leakdetector/internal/cli/execute.go:100.2,100.10 1 7
